  compilation object save succeeded; see C:\Users\K023g\OneDrive\デスクトップ\AL3-2\DirectXGame\Generated\Outputs\Release\TerrainPS.cso
  compilation object save succeeded; see C:\Users\K023g\OneDrive\デスクトップ\AL3-2\DirectXGame\Generated\Outputs\Release\TerrainVS.cso
  compilation object save succeeded; see C:\Users\K023g\OneDrive\デスクトップ\AL3-2\DirectXGame\Generated\Outputs\Release\ObjPS.cso
  compilation object save succeeded; see C:\Users\K023g\OneDrive\デスクトップ\AL3-2\DirectXGame\Generated\Outputs\Release\ObjVS.cso
  compilation object save succeeded; see C:\Users\K023g\OneDrive\デスクトップ\AL3-2\DirectXGame\Generated\Outputs\Release\PrimitivePS.cso
  compilation object save succeeded; see C:\Users\K023g\OneDrive\デスクトップ\AL3-2\DirectXGame\Generated\Outputs\Release\PrimitiveVS.cso
  compilation object save succeeded; see C:\Users\K023g\OneDrive\デスクトップ\AL3-2\DirectXGame\Generated\Outputs\Release\ShapePS.cso
  compilation object save succeeded; see C:\Users\K023g\OneDrive\デスクトップ\AL3-2\DirectXGame\Generated\Outputs\Release\ShapeVS.cso
  compilation object save succeeded; see C:\Users\K023g\OneDrive\デスクトップ\AL3-2\DirectXGame\Generated\Outputs\Release\SpritePS.cso
  compilation object save succeeded; see C:\Users\K023g\OneDrive\デスクトップ\AL3-2\DirectXGame\Generated\Outputs\Release\SpriteVS.cso
  ImGuiManager.cpp
  WorldTransformEx.cpp
  CameraController.cpp
  Enemy.cpp
  Player.cpp
  DirectXCommon.cpp
  WinApp.cpp
  DeathParticles.cpp
  main.cpp
  MathUtilityForText.cpp
  MapChipField.cpp
  GameScene.cpp
  TitleScene.cpp
  コード生成しています。
  Previous IPDB not found, fall back to full compilation.
  All 2038 functions were compiled because no usable IPDB/IOBJ from previous compilation was found.
  コード生成が終了しました。
  DirectXGame.vcxproj -> C:\Users\K023g\OneDrive\デスクトップ\AL3-2\DirectXGame\Generated\Outputs\Release\DirectXGame.exe
